<?xml version="1.0" encoding="UTF-8"?>
<!-- Generated by org.testng.reporters.JUnitReportReporter -->
<testsuite skipped="0" hostname="LAPTOP-B83IAJ68" name="qaclickacademy.AppiumTest" tests="2" failures="0" timestamp="2020-03-11T00:58:48 CDT" time="0.012" errors="0">
  <testcase name="NativeAPpAndroid" time="0.002" classname="qaclickacademy.AppiumTest"/>
  <testcase name="IOSApps" time="0.010" classname="qaclickacademy.AppiumTest"/>
</testsuite> <!-- qaclickacademy.AppiumTest -->
