<?xml version="1.0" encoding="UTF-8"?>
<!-- Generated by org.testng.reporters.JUnitReportReporter -->
<testsuite skipped="0" hostname="LAPTOP-B83IAJ68" name="qaclickacademy.RESTAPITest" tests="2" failures="0" timestamp="2020-03-09T23:34:19 CDT" time="0.013" errors="0">
  <testcase name="postJira" time="0.003" classname="qaclickacademy.RESTAPITest"/>
  <testcase name="deleteTwitter" time="0.010" classname="qaclickacademy.RESTAPITest"/>
</testsuite> <!-- qaclickacademy.RESTAPITest -->
